<?xml version="1.0" encoding="UTF-8"?>
<testsuite xmlns:xsi="http://www.w3.org/2001/XMLSchema-instance" xsi:noNamespaceSchemaLocation="https://maven.apache.org/surefire/maven-surefire-plugin/xsd/surefire-test-report.xsd" name="org.cereme.business.AppTest" time="0.082" tests="1" errors="0" skipped="0" failures="0">
  <properties>
    <property name="sun.desktop" value="windows"/>
    <property name="awt.toolkit" value="sun.awt.windows.WToolkit"/>
    <property name="java.specification.version" value="11"/>
    <property name="sun.cpu.isalist" value="amd64"/>
    <property name="sun.jnu.encoding" value="Cp1252"/>
    <property name="java.class.path" value="C:\Users\jcereme\Documents\env\digital-library\digital-library-business\target\test-classes;C:\Users\jcereme\Documents\env\digital-library\digital-library-business\target\classes;C:\Users\jcereme\Documents\env\digital-library\digital-library-model\target\digital-library-model-1.0-SNAPSHOT.jar;C:\Users\jcereme\Documents\env\maven\apache-maven-3.6.0\repository\javax\persistence\persistence-api\1.0.2\persistence-api-1.0.2.jar;C:\Users\jcereme\Documents\env\maven\apache-maven-3.6.0\repository\com\fasterxml\jackson\core\jackson-annotations\2.9.7\jackson-annotations-2.9.7.jar;C:\Users\jcereme\Documents\env\digital-library\digital-library-consumer\target\digital-library-consumer-1.0-SNAPSHOT.jar;C:\Users\jcereme\Documents\env\maven\apache-maven-3.6.0\repository\org\springframework\data\spring-data-jpa\2.1.2.RELEASE\spring-data-jpa-2.1.2.RELEASE.jar;C:\Users\jcereme\Documents\env\maven\apache-maven-3.6.0\repository\org\springframework\data\spring-data-commons\2.1.2.RELEASE\spring-data-commons-2.1.2.RELEASE.jar;C:\Users\jcereme\Documents\env\maven\apache-maven-3.6.0\repository\org\springframework\spring-orm\5.1.2.RELEASE\spring-orm-5.1.2.RELEASE.jar;C:\Users\jcereme\Documents\env\maven\apache-maven-3.6.0\repository\org\springframework\spring-jdbc\5.1.2.RELEASE\spring-jdbc-5.1.2.RELEASE.jar;C:\Users\jcereme\Documents\env\maven\apache-maven-3.6.0\repository\org\springframework\spring-aop\5.1.2.RELEASE\spring-aop-5.1.2.RELEASE.jar;C:\Users\jcereme\Documents\env\maven\apache-maven-3.6.0\repository\org\springframework\spring-tx\5.1.2.RELEASE\spring-tx-5.1.2.RELEASE.jar;C:\Users\jcereme\Documents\env\maven\apache-maven-3.6.0\repository\org\springframework\spring-beans\5.1.2.RELEASE\spring-beans-5.1.2.RELEASE.jar;C:\Users\jcereme\Documents\env\maven\apache-maven-3.6.0\repository\org\springframework\spring-core\5.1.2.RELEASE\spring-core-5.1.2.RELEASE.jar;C:\Users\jcereme\Documents\env\maven\apache-maven-3.6.0\repository\org\springframework\spring-jcl\5.1.2.RELEASE\spring-jcl-5.1.2.RELEASE.jar;C:\Users\jcereme\Documents\env\maven\apache-maven-3.6.0\repository\org\aspectj\aspectjrt\1.9.1\aspectjrt-1.9.1.jar;C:\Users\jcereme\Documents\env\maven\apache-maven-3.6.0\repository\org\slf4j\slf4j-api\1.7.25\slf4j-api-1.7.25.jar;C:\Users\jcereme\Documents\env\maven\apache-maven-3.6.0\repository\javax\inject\javax.inject\1\javax.inject-1.jar;C:\Users\jcereme\Documents\env\maven\apache-maven-3.6.0\repository\org\springframework\spring-context\5.1.2.RELEASE\spring-context-5.1.2.RELEASE.jar;C:\Users\jcereme\Documents\env\maven\apache-maven-3.6.0\repository\org\springframework\spring-expression\5.1.2.RELEASE\spring-expression-5.1.2.RELEASE.jar;C:\Users\jcereme\Documents\env\maven\apache-maven-3.6.0\repository\junit\junit\4.12\junit-4.12.jar;C:\Users\jcereme\Documents\env\maven\apache-maven-3.6.0\repository\org\hamcrest\hamcrest-core\1.3\hamcrest-core-1.3.jar;C:\Users\jcereme\Documents\env\maven\apache-maven-3.6.0\repository\javax\annotation\javax.annotation-api\1.3.2\javax.annotation-api-1.3.2.jar;"/>
    <property name="java.vm.vendor" value="Oracle Corporation"/>
    <property name="sun.arch.data.model" value="64"/>
    <property name="user.variant" value=""/>
    <property name="java.vendor.url" value="http://java.oracle.com/"/>
    <property name="user.timezone" value="Europe/Paris"/>
    <property name="java.vm.specification.version" value="11"/>
    <property name="os.name" value="Windows 10"/>
    <property name="sun.java.launcher" value="SUN_STANDARD"/>
    <property name="user.country" value="FR"/>
    <property name="sun.boot.library.path" value="C:\Program Files\Java\jdk-11.0.1\bin"/>
    <property name="sun.java.command" value="C:\Users\jcereme\AppData\Local\Temp\surefire12018582672009379406\surefirebooter1221333796787291328.jar C:\Users\jcereme\AppData\Local\Temp\surefire12018582672009379406 2018-12-24T23-49-31_574-jvmRun1 surefire6406536687959005643tmp surefire_29979988974396614349tmp"/>
    <property name="jdk.debug" value="release"/>
    <property name="surefire.test.class.path" value="C:\Users\jcereme\Documents\env\digital-library\digital-library-business\target\test-classes;C:\Users\jcereme\Documents\env\digital-library\digital-library-business\target\classes;C:\Users\jcereme\Documents\env\digital-library\digital-library-model\target\digital-library-model-1.0-SNAPSHOT.jar;C:\Users\jcereme\Documents\env\maven\apache-maven-3.6.0\repository\javax\persistence\persistence-api\1.0.2\persistence-api-1.0.2.jar;C:\Users\jcereme\Documents\env\maven\apache-maven-3.6.0\repository\com\fasterxml\jackson\core\jackson-annotations\2.9.7\jackson-annotations-2.9.7.jar;C:\Users\jcereme\Documents\env\digital-library\digital-library-consumer\target\digital-library-consumer-1.0-SNAPSHOT.jar;C:\Users\jcereme\Documents\env\maven\apache-maven-3.6.0\repository\org\springframework\data\spring-data-jpa\2.1.2.RELEASE\spring-data-jpa-2.1.2.RELEASE.jar;C:\Users\jcereme\Documents\env\maven\apache-maven-3.6.0\repository\org\springframework\data\spring-data-commons\2.1.2.RELEASE\spring-data-commons-2.1.2.RELEASE.jar;C:\Users\jcereme\Documents\env\maven\apache-maven-3.6.0\repository\org\springframework\spring-orm\5.1.2.RELEASE\spring-orm-5.1.2.RELEASE.jar;C:\Users\jcereme\Documents\env\maven\apache-maven-3.6.0\repository\org\springframework\spring-jdbc\5.1.2.RELEASE\spring-jdbc-5.1.2.RELEASE.jar;C:\Users\jcereme\Documents\env\maven\apache-maven-3.6.0\repository\org\springframework\spring-aop\5.1.2.RELEASE\spring-aop-5.1.2.RELEASE.jar;C:\Users\jcereme\Documents\env\maven\apache-maven-3.6.0\repository\org\springframework\spring-tx\5.1.2.RELEASE\spring-tx-5.1.2.RELEASE.jar;C:\Users\jcereme\Documents\env\maven\apache-maven-3.6.0\repository\org\springframework\spring-beans\5.1.2.RELEASE\spring-beans-5.1.2.RELEASE.jar;C:\Users\jcereme\Documents\env\maven\apache-maven-3.6.0\repository\org\springframework\spring-core\5.1.2.RELEASE\spring-core-5.1.2.RELEASE.jar;C:\Users\jcereme\Documents\env\maven\apache-maven-3.6.0\repository\org\springframework\spring-jcl\5.1.2.RELEASE\spring-jcl-5.1.2.RELEASE.jar;C:\Users\jcereme\Documents\env\maven\apache-maven-3.6.0\repository\org\aspectj\aspectjrt\1.9.1\aspectjrt-1.9.1.jar;C:\Users\jcereme\Documents\env\maven\apache-maven-3.6.0\repository\org\slf4j\slf4j-api\1.7.25\slf4j-api-1.7.25.jar;C:\Users\jcereme\Documents\env\maven\apache-maven-3.6.0\repository\javax\inject\javax.inject\1\javax.inject-1.jar;C:\Users\jcereme\Documents\env\maven\apache-maven-3.6.0\repository\org\springframework\spring-context\5.1.2.RELEASE\spring-context-5.1.2.RELEASE.jar;C:\Users\jcereme\Documents\env\maven\apache-maven-3.6.0\repository\org\springframework\spring-expression\5.1.2.RELEASE\spring-expression-5.1.2.RELEASE.jar;C:\Users\jcereme\Documents\env\maven\apache-maven-3.6.0\repository\junit\junit\4.12\junit-4.12.jar;C:\Users\jcereme\Documents\env\maven\apache-maven-3.6.0\repository\org\hamcrest\hamcrest-core\1.3\hamcrest-core-1.3.jar;C:\Users\jcereme\Documents\env\maven\apache-maven-3.6.0\repository\javax\annotation\javax.annotation-api\1.3.2\javax.annotation-api-1.3.2.jar;"/>
    <property name="sun.cpu.endian" value="little"/>
    <property name="user.home" value="C:\Users\jcereme"/>
    <property name="user.language" value="fr"/>
    <property name="java.specification.vendor" value="Oracle Corporation"/>
    <property name="java.version.date" value="2018-10-16"/>
    <property name="java.home" value="C:\Program Files\Java\jdk-11.0.1"/>
    <property name="file.separator" value="\"/>
    <property name="basedir" value="C:\Users\jcereme\Documents\env\digital-library\digital-library-business"/>
    <property name="java.vm.compressedOopsMode" value="32-bit"/>
    <property name="line.separator" value="&#10;"/>
    <property name="java.specification.name" value="Java Platform API Specification"/>
    <property name="java.vm.specification.vendor" value="Oracle Corporation"/>
    <property name="java.awt.graphicsenv" value="sun.awt.Win32GraphicsEnvironment"/>
    <property name="surefire.real.class.path" value="C:\Users\jcereme\AppData\Local\Temp\surefire12018582672009379406\surefirebooter1221333796787291328.jar"/>
    <property name="user.script" value=""/>
    <property name="sun.management.compiler" value="HotSpot 64-Bit Tiered Compilers"/>
    <property name="java.runtime.version" value="11.0.1+13-LTS"/>
    <property name="user.name" value="jcereme"/>
    <property name="path.separator" value=";"/>
    <property name="os.version" value="10.0"/>
    <property name="java.runtime.name" value="Java(TM) SE Runtime Environment"/>
    <property name="file.encoding" value="Cp1252"/>
    <property name="java.vm.name" value="Java HotSpot(TM) 64-Bit Server VM"/>
    <property name="java.vendor.version" value="18.9"/>
    <property name="localRepository" value="C:\Users\jcereme\Documents\env\maven\apache-maven-3.6.0\repository"/>
    <property name="java.vendor.url.bug" value="http://bugreport.java.com/bugreport/"/>
    <property name="java.io.tmpdir" value="C:\Users\jcereme\AppData\Local\Temp\"/>
    <property name="idea.version" value="2018.2.6"/>
    <property name="java.version" value="11.0.1"/>
    <property name="user.dir" value="C:\Users\jcereme\Documents\env\digital-library\digital-library-business"/>
    <property name="os.arch" value="amd64"/>
    <property name="java.vm.specification.name" value="Java Virtual Machine Specification"/>
    <property name="java.awt.printerjob" value="sun.awt.windows.WPrinterJob"/>
    <property name="sun.os.patch.level" value=""/>
    <property name="java.library.path" value="C:\Program Files\Java\jdk-11.0.1\bin;C:\WINDOWS\Sun\Java\bin;C:\WINDOWS\system32;C:\WINDOWS;C:\WINDOWS\system32;C:\WINDOWS;C:\WINDOWS\System32\Wbem;C:\WINDOWS\System32\WindowsPowerShell\v1.0\;C:\Program Files\Git\cmd;C:\Users\jcereme\Documents\env\maven\apache-maven-3.6.0\bin;C:\Program Files\Java\jdk-11.0.1\bin;;C:\PostgreSQL\pg11\bin;C:\Program Files\Java\jdk-11.0.1\bin;C:\Users\jcereme\AppData\Local\Microsoft\WindowsApps;C:\Users\jcereme\AppData\Local\atom\bin;;."/>
    <property name="java.vendor" value="Oracle Corporation"/>
    <property name="java.vm.info" value="mixed mode"/>
    <property name="java.vm.version" value="11.0.1+13-LTS"/>
    <property name="sun.io.unicode.encoding" value="UnicodeLittle"/>
    <property name="java.class.version" value="55.0"/>
  </properties>
  <testcase name="shouldAnswerWithTrue" classname="org.cereme.business.AppTest" time="0.001"/>
</testsuite>